Arguments: 
  /usr/local/bin/node /usr/share/yarn/bin/yarn.js install --non-interactive

PATH: 
  /home/filsh/www/mailery/vendor/maileryio/mailery-user/vendor/bin:/usr/local/sbin:/usr/local/bin:/usr/sbin:/usr/bin:/sbin:/bin:/usr/games:/usr/local/games:/snap/bin:/home/filsh/www/multisite-devtools

Yarn version: 
  1.21.1

Node version: 
  12.15.0

Platform: 
  linux x64

Trace: 
  Error: https://registry.yarnpkg.com/@maileryio%2fmailery-user: Not found
      at Request.params.callback [as _callback] (/usr/share/yarn/lib/cli.js:66947:18)
      at Request.self.callback (/usr/share/yarn/lib/cli.js:140665:22)
      at Request.emit (events.js:223:5)
      at Request.<anonymous> (/usr/share/yarn/lib/cli.js:141637:10)
      at Request.emit (events.js:223:5)
      at IncomingMessage.<anonymous> (/usr/share/yarn/lib/cli.js:141559:12)
      at Object.onceWrapper (events.js:312:28)
      at IncomingMessage.emit (events.js:228:7)
      at endReadableNT (_stream_readable.js:1185:12)
      at processTicksAndRejections (internal/process/task_queues.js:81:21)

npm manifest: 
  {
      "dependencies": {
          "@maileryio/mailery-user": "1.0.*"
      },
      "license": "BSD-3-Clause"
  }

yarn manifest: 
  No manifest

Lockfile: 
  No lockfile
